2024-08-28 feat: add helper function
2024-08-28 test: add test case
2024-08-28 refactor: simplify logic
2024-09-02 style: clean up formatting
2024-09-02 fix: resolve minor issue
2024-09-02 test: add test case
2024-09-01 docs: update README section
2024-08-30 refactor: simplify logic
2024-09-10 refactor: simplify logic
2024-09-10 style: clean up formatting
2024-09-10 fix: resolve minor issue
2024-09-09 test: add test case
2024-09-09 chore: adjust config
2024-09-09 fix: resolve minor issue
2024-09-06 test: add test case
2024-09-05 style: clean up formatting
2024-09-11 chore: adjust config
2024-09-11 test: add test case
2024-09-11 test: add test case
2024-09-14 docs: update README section
2024-09-14 feat: add helper function
2024-09-14 test: add test case
2024-09-16 test: add test case
2024-09-17 fix: resolve minor issue
2024-09-23 fix: resolve minor issue
2024-09-23 fix: resolve minor issue
2024-09-23 docs: update README section
2024-09-19 fix: typo in documentation
2024-09-19 chore: adjust config
2024-09-19 fix: resolve minor issue
2024-09-24 fix: typo in documentation
2024-09-21 feat: add helper function
2024-09-30 chore: adjust config
2024-09-30 docs: update README section
2024-09-30 test: add test case
2024-10-01 fix: typo in documentation
2024-10-01 fix: resolve minor issue
2024-10-01 chore: adjust config
2024-09-26 refactor: simplify logic
2024-09-28 style: clean up formatting
2024-10-05 chore: adjust config
2024-10-05 refactor: simplify logic
2024-10-05 fix: typo in documentation
2024-10-08 feat: add helper function
2024-10-08 fix: resolve minor issue
2024-10-08 refactor: simplify logic
2024-10-02 feat: add helper function
2024-10-06 docs: update README section
2024-08-29 feat: add helper function
2024-08-29 feat: add helper function
2024-08-29 docs: update README section
2024-09-03 fix: typo in documentation
2024-09-03 docs: update README section
2024-09-03 refactor: simplify logic
2024-09-01 fix: resolve minor issue
2024-08-31 docs: update README section
2024-09-09 fix: resolve minor issue
2024-09-09 test: add test case
2024-09-09 docs: update README section
2024-09-04 refactor: simplify logic
2024-09-04 refactor: simplify logic
2024-09-04 fix: typo in documentation
2024-09-10 docs: update README section
2024-09-06 chore: adjust config
2024-09-15 fix: resolve minor issue
2024-09-15 fix: typo in documentation
2024-09-15 fix: resolve minor issue
2024-09-16 docs: update README section
2024-09-16 test: add test case
2024-09-16 fix: typo in documentation
2024-09-11 fix: typo in documentation
2024-09-17 fix: resolve minor issue
2024-09-20 test: add test case
2024-09-20 style: clean up formatting
2024-09-20 refactor: simplify logic
2024-09-24 test: add test case
2024-09-24 fix: typo in documentation
2024-09-24 feat: add helper function
2024-09-18 refactor: simplify logic
2024-09-21 chore: adjust config
2024-10-01 style: clean up formatting
2024-10-01 feat: add helper function
2024-10-01 docs: update README section
2024-09-29 fix: resolve minor issue
2024-09-29 test: add test case
2024-09-29 test: add test case
2024-09-25 test: add test case
2024-09-30 feat: add helper function
2024-10-08 refactor: simplify logic
2024-10-08 chore: adjust config
2024-10-08 fix: typo in documentation
2024-10-02 chore: adjust config
2024-10-02 fix: typo in documentation
2024-10-02 docs: update README section
2024-10-04 refactor: simplify logic
2024-10-06 docs: update README section
2024-10-13 fix: resolve minor issue
2024-10-13 refactor: simplify logic
2024-10-13 chore: adjust config
2024-10-15 docs: update README section
2024-10-15 docs: update README section
2024-10-15 refactor: simplify logic
2024-10-14 fix: typo in documentation
2024-10-11 refactor: simplify logic
2024-10-20 docs: update README section
2024-10-20 chore: adjust config
2024-10-20 test: add test case
2024-10-19 refactor: simplify logic
2024-10-19 docs: update README section
2024-10-19 style: clean up formatting
2024-10-16 style: clean up formatting
2024-10-17 fix: typo in documentation
2024-10-26 chore: adjust config
2024-10-26 docs: update README section
2024-10-26 fix: resolve minor issue
2024-10-25 style: clean up formatting
2024-10-25 feat: add helper function
2024-10-25 feat: add helper function
2024-10-24 test: add test case
2024-10-27 style: clean up formatting
2024-10-30 chore: adjust config
2024-10-30 refactor: simplify logic
2024-10-30 style: clean up formatting
2024-11-04 feat: add helper function
2024-11-04 refactor: simplify logic
2024-11-04 feat: add helper function
2024-10-31 docs: update README section
2024-11-05 fix: typo in documentation
2024-11-11 test: add test case
2024-11-11 docs: update README section
2024-11-11 refactor: simplify logic
2024-11-10 feat: add helper function
2024-11-10 test: add test case
2024-11-10 chore: adjust config
2024-11-12 style: clean up formatting
2024-11-07 test: add test case
2024-11-15 feat: add helper function
2024-11-15 fix: resolve minor issue
2024-11-15 feat: add helper function
2024-11-18 test: add test case
2024-11-18 chore: adjust config
2024-11-18 docs: update README section
2024-11-16 test: add test case
2024-11-14 test: add test case
2024-11-25 fix: typo in documentation
2024-11-25 fix: resolve minor issue
2024-11-25 fix: resolve minor issue
2024-11-23 fix: resolve minor issue
2024-11-23 feat: add helper function
2024-11-23 fix: typo in documentation
2024-11-26 test: add test case
2024-11-24 chore: adjust config
2024-12-01 style: clean up formatting
2024-12-01 chore: adjust config
2024-12-01 fix: resolve minor issue
2024-11-28 chore: adjust config
2024-11-28 refactor: simplify logic
2024-11-28 chore: adjust config
2024-11-27 style: clean up formatting
2024-12-02 refactor: simplify logic
2024-12-06 chore: adjust config
2024-12-06 test: add test case
2024-12-06 docs: update README section
2024-12-07 test: add test case
2024-12-07 chore: adjust config
2024-12-07 style: clean up formatting
2024-12-04 style: clean up formatting
2024-12-10 fix: resolve minor issue
2024-12-17 docs: update README section
2024-12-17 chore: adjust config
2024-12-17 style: clean up formatting
2024-12-16 chore: adjust config
2024-12-16 fix: resolve minor issue
2024-12-16 style: clean up formatting
2024-12-11 feat: add helper function
2024-12-15 fix: typo in documentation
2024-12-24 feat: add helper function
2024-09-01 style: clean up formatting
2024-09-01 style: clean up formatting
2024-09-01 feat: add helper function
2024-09-03 style: clean up formatting
2024-09-03 feat: add helper function
2024-09-03 refactor: simplify logic
2024-08-28 test: add test case
2024-08-29 fix: typo in documentation
2024-09-10 test: add test case
2024-09-10 fix: typo in documentation
2024-09-10 feat: add helper function
2024-09-08 style: clean up formatting
2024-09-08 fix: resolve minor issue
2024-09-08 chore: adjust config
2024-09-07 docs: update README section
2024-09-04 test: add test case
2024-09-15 fix: typo in documentation
2024-09-15 style: clean up formatting
2024-09-15 feat: add helper function
2024-09-14 style: clean up formatting
2024-09-14 docs: update README section
2024-09-14 fix: typo in documentation
2024-09-16 chore: adjust config
2024-09-17 style: clean up formatting
2024-09-21 refactor: simplify logic
2024-09-21 style: clean up formatting
2024-09-21 fix: typo in documentation
2024-09-20 test: add test case
2024-09-20 feat: add helper function
2024-09-20 refactor: simplify logic
2024-09-19 fix: resolve minor issue
2024-09-24 refactor: simplify logic
2024-09-30 test: add test case
2024-09-30 docs: update README section
2024-09-30 feat: add helper function
2024-09-27 fix: resolve minor issue
2024-09-27 docs: update README section
2024-09-27 test: add test case
2024-09-26 refactor: simplify logic
2024-09-25 chore: adjust config
2024-10-06 fix: typo in documentation
2024-10-06 feat: add helper function
2024-10-06 fix: typo in documentation
2024-10-08 refactor: simplify logic
2024-10-08 feat: add helper function
2024-10-08 test: add test case
2024-10-02 docs: update README section
2024-10-04 refactor: simplify logic
2024-10-14 docs: update README section
2024-10-14 refactor: simplify logic
2024-10-14 feat: add helper function
2024-10-15 chore: adjust config
2024-10-15 test: add test case
2024-10-15 test: add test case
2024-10-12 style: clean up formatting
2024-10-09 chore: adjust config
2024-10-22 style: clean up formatting
2024-10-22 style: clean up formatting
2024-10-22 chore: adjust config
2024-10-21 chore: adjust config
2024-10-21 style: clean up formatting
2024-10-21 docs: update README section
2024-10-16 docs: update README section
2024-10-18 fix: resolve minor issue
2024-10-29 style: clean up formatting
2024-10-29 docs: update README section
2024-10-29 refactor: simplify logic
2024-10-23 fix: typo in documentation
2024-10-23 fix: typo in documentation
2024-10-23 style: clean up formatting
2024-10-24 chore: adjust config
2024-10-28 fix: typo in documentation
2024-10-31 fix: resolve minor issue
2024-10-31 chore: adjust config
2024-10-31 test: add test case
2024-11-05 feat: add helper function
2024-11-05 test: add test case
2024-11-05 chore: adjust config
2024-11-02 chore: adjust config
2024-11-03 refactor: simplify logic
2024-11-10 style: clean up formatting
2024-11-10 fix: typo in documentation
2024-11-10 refactor: simplify logic
2024-11-06 feat: add helper function
2024-11-06 refactor: simplify logic
2024-11-06 fix: typo in documentation
2024-11-08 refactor: simplify logic
2024-11-11 fix: typo in documentation
2024-11-17 docs: update README section
2024-11-17 style: clean up formatting
2024-11-17 docs: update README section
2024-11-14 docs: update README section
2024-11-14 style: clean up formatting
2024-11-14 docs: update README section
2024-11-18 chore: adjust config
2024-11-19 docs: update README section
2024-11-22 chore: adjust config
2024-11-22 docs: update README section
2024-11-22 refactor: simplify logic
2024-11-26 chore: adjust config
2024-11-26 docs: update README section
2024-11-26 chore: adjust config
2024-11-20 chore: adjust config
2024-11-25 fix: typo in documentation
2024-12-01 fix: resolve minor issue
2024-12-01 chore: adjust config
2024-12-01 docs: update README section
2024-11-28 test: add test case
2024-11-28 chore: adjust config
2024-11-28 chore: adjust config
2024-11-30 feat: add helper function
2024-11-29 docs: update README section
2024-12-10 test: add test case
2024-12-10 chore: adjust config
2024-12-10 docs: update README section
2024-12-04 fix: typo in documentation
2024-12-04 fix: resolve minor issue
2024-12-04 feat: add helper function
2024-12-09 chore: adjust config
2024-12-05 test: add test case
2024-12-11 fix: typo in documentation
2024-12-11 docs: update README section
2024-12-11 fix: resolve minor issue
2024-12-12 fix: typo in documentation
2024-12-12 feat: add helper function
2024-12-12 test: add test case
2024-12-14 docs: update README section
2024-12-15 feat: add helper function
2024-12-23 fix: resolve minor issue
2024-12-23 style: clean up formatting
2024-12-23 fix: resolve minor issue
2024-12-19 chore: adjust config
2024-12-19 test: add test case
2024-12-19 chore: adjust config
2024-12-20 fix: resolve minor issue
2024-12-22 fix: typo in documentation
2024-12-31 refactor: simplify logic
2024-12-31 fix: typo in documentation
2024-12-31 fix: resolve minor issue
2024-12-25 test: add test case
2024-12-25 fix: typo in documentation
2024-12-25 chore: adjust config
2024-12-27 chore: adjust config
2024-12-30 docs: update README section
2025-01-06 fix: typo in documentation
2025-01-06 test: add test case
2025-01-06 docs: update README section
2025-01-07 test: add test case
2025-01-07 chore: adjust config
2025-01-07 fix: resolve minor issue
2025-01-05 refactor: simplify logic
2025-01-03 docs: update README section
2025-01-09 fix: typo in documentation
2025-01-09 refactor: simplify logic
2025-01-09 docs: update README section
